  main.cpp
C:\Users\sanju\OneDrive\Desktop\SFML GOTY\SFML-3.0.0\include\SFML\System\Exception.hpp(41,47): warning C4275: non dll-interface class 'std::runtime_error' used as base for dll-interface class 'sf::Exception'
  (compiling source file 'main.cpp')
      C:\Program Files\Microsoft Visual Studio\2022\Community\VC\Tools\MSVC\14.44.35207\include\stdexcept(100,30):
      see declaration of 'std::runtime_error'
      C:\Users\sanju\OneDrive\Desktop\SFML GOTY\SFML-3.0.0\include\SFML\System\Exception.hpp(41,23):
      see declaration of 'sf::Exception'
  
C:\Users\sanju\source\repos\SFML superioir\SFML superioir\main.cpp(280,21): warning C4834: discarding return value of function with [[nodiscard]] attribute
C:\Users\sanju\source\repos\SFML superioir\SFML superioir\main.cpp(383,74): warning C4244: 'argument': conversion from 'T' to 'float', possible loss of data
C:\Users\sanju\source\repos\SFML superioir\SFML superioir\main.cpp(383,74): warning C4244:         with
C:\Users\sanju\source\repos\SFML superioir\SFML superioir\main.cpp(383,74): warning C4244:         [
C:\Users\sanju\source\repos\SFML superioir\SFML superioir\main.cpp(383,74): warning C4244:             T=unsigned int
C:\Users\sanju\source\repos\SFML superioir\SFML superioir\main.cpp(383,74): warning C4244:         ]
C:\Users\sanju\source\repos\SFML superioir\SFML superioir\main.cpp(383,53): warning C4244: 'argument': conversion from 'T' to 'float', possible loss of data
C:\Users\sanju\source\repos\SFML superioir\SFML superioir\main.cpp(383,53): warning C4244:         with
C:\Users\sanju\source\repos\SFML superioir\SFML superioir\main.cpp(383,53): warning C4244:         [
C:\Users\sanju\source\repos\SFML superioir\SFML superioir\main.cpp(383,53): warning C4244:             T=unsigned int
C:\Users\sanju\source\repos\SFML superioir\SFML superioir\main.cpp(383,53): warning C4244:         ]
main.obj : error LNK2001: unresolved external symbol "public: virtual class sf::Color const & __cdecl Shape::getColor(void)" (?getColor@Shape@@UEAAAEBVColor@sf@@XZ)
C:\Users\sanju\source\repos\SFML superioir\x64\Release\SFML superioir.exe : fatal error LNK1120: 1 unresolved externals
